[    0.000000] Linux version 4.15.0-74-generic (buildd@lcy01-amd64-022) (gcc version 7.4.0 (Ubuntu 7.4.0-1ubuntu1~18.04.1)) #84-Ubuntu SMP Thu Dec 19 08:06:28 UTC 2019 (Ubuntu 4.15.0-74.84-generic 4.15.18)
[    0.000000] Command line: BOOT_IMAGE=/boot/vmlinuz-4.15.0-74-generic root=LABEL=cloudimg-rootfs ro console=tty1 console=ttyS0
[    0.000000] KERNEL supported cpus:
[    0.000000]   Intel GenuineIntel
[    0.000000]   AMD AuthenticAMD
[    0.000000]   Centaur CentaurHauls
[    0.000000] x86/fpu: Supporting XSAVE feature 0x001: 'x87 floating point registers'
[    0.000000] x86/fpu: Supporting XSAVE feature 0x002: 'SSE registers'
[    0.000000] x86/fpu: Supporting XSAVE feature 0x004: 'AVX registers'
[    0.000000] x86/fpu: xstate_offset[2]:  576, xstate_sizes[2]:  256
[    0.000000] x86/fpu: Enabled xstate features 0x7, context size is 832 bytes, using 'standard' format.
[    0.000000] e820: BIOS-provided physical RAM map:
[    0.000000] BIOS-e820: [mem 0x0000000000000000-0x000000000009fbff] usable
[    0.000000] BIOS-e820: [mem 0x000000000009fc00-0x000000000009ffff] reserved
[    0.000000] BIOS-e820: [mem 0x00000000000f0000-0x00000000000fffff] reserved
[    0.000000] BIOS-e820: [mem 0x0000000000100000-0x000000001ffeffff] usable
[    0.000000] BIOS-e820: [mem 0x000000001fff0000-0x000000001fffffff] ACPI data
[    0.000000] BIOS-e820: [mem 0x00000000fec00000-0x00000000fec00fff] reserved
[    0.000000] BIOS-e820: [mem 0x00000000fee00000-0x00000000fee00fff] reserved
[    0.000000] BIOS-e820: [mem 0x00000000fffc0000-0x00000000ffffffff] reserved
[    0.000000] NX (Execute Disable) protection: active
[    0.000000] SMBIOS 2.5 present.
[    0.000000] DMI: innotek GmbH VirtualBox/VirtualBox, BIOS VirtualBox 12/01/2006
[    0.000000] Hypervisor detected: KVM
[    0.000000] e820: last_pfn = 0x1fff0 max_arch_pfn = 0x400000000
[    0.000000] MTRR: Disabled
[    0.000000] x86/PAT: MTRRs disabled, skipping PAT initialization too.
[    0.000000] CPU MTRRs all blank - virtualized system.
[    0.000000] x86/PAT: Configuration [0-7]: WB  WT  UC- UC  WB  WT  UC- UC  
[    0.000000] found SMP MP-table at [mem 0x0009fff0-0x0009ffff]
[    0.000000] Scanning 1 areas for low memory corruption
[    0.000000] RAMDISK: [mem 0x1db59000-0x1ee18fff]
[    0.000000] ACPI: Early table checksum verification disabled
[    0.000000] ACPI: RSDP 0x00000000000E0000 000024 (v02 VBOX  )
[    0.000000] ACPI: XSDT 0x000000001FFF0030 00003C (v01 VBOX   VBOXXSDT 00000001 ASL  00000061)
[    0.000000] ACPI: FACP 0x000000001FFF00F0 0000F4 (v04 VBOX   VBOXFACP 00000001 ASL  00000061)
[    0.000000] ACPI: DSDT 0x000000001FFF0470 0021FF (v02 VBOX   VBOXBIOS 00000002 INTL 20180105)
[    0.000000] ACPI: FACS 0x000000001FFF0200 000040
[    0.000000] ACPI: FACS 0x000000001FFF0200 000040
[    0.000000] ACPI: APIC 0x000000001FFF0240 000054 (v02 VBOX   VBOXAPIC 00000001 ASL  00000061)
[    0.000000] ACPI: SSDT 0x000000001FFF02A0 0001CC (v01 VBOX   VBOXCPUT 00000002 INTL 20180105)
[    0.000000] No NUMA configuration found
[    0.000000] Faking a node at [mem 0x0000000000000000-0x000000001ffeffff]
[    0.000000] NODE_DATA(0) allocated [mem 0x1ffc5000-0x1ffeffff]
[    0.000000] kvm-clock: cpu 0, msr 0:1ff44001, primary cpu clock
[    0.000000] kvm-clock: Using msrs 4b564d01 and 4b564d00
[    0.000000] kvm-clock: using sched offset of 4084273075 cycles
[    0.000000] clocksource: kvm-clock: mask: 0xffffffffffffffff max_cycles: 0x1cd42e4dffb, max_idle_ns: 881590591483 ns
[    0.000000] Zone ranges:
[    0.000000]   DMA      [mem 0x0000000000001000-0x0000000000ffffff]
[    0.000000]   DMA32    [mem 0x0000000001000000-0x000000001ffeffff]
[    0.000000]   Normal   empty
[    0.000000]   Device   empty
[    0.000000] Movable zone start for each node
[    0.000000] Early memory node ranges
[    0.000000]   node   0: [mem 0x0000000000001000-0x000000000009efff]
[    0.000000]   node   0: [mem 0x0000000000100000-0x000000001ffeffff]
[    0.000000] Reserved but unavailable: 98 pages
[    0.000000] Initmem setup node 0 [mem 0x0000000000001000-0x000000001ffeffff]
[    0.000000] ACPI: PM-Timer IO Port: 0x4008
[    0.000000] IOAPIC[0]: apic_id 1, version 32, address 0xfec00000, GSI 0-23
[    0.000000] ACPI: INT_SRC_OVR (bus 0 bus_irq 0 global_irq 2 dfl dfl)
[    0.000000] ACPI: INT_SRC_OVR (bus 0 bus_irq 9 global_irq 9 low level)
[    0.000000] Using ACPI (MADT) for SMP configuration information
[    0.000000] smpboot: Allowing 1 CPUs, 0 hotplug CPUs
[    0.000000] PM: Registered nosave memory: [mem 0x00000000-0x00000fff]
[    0.000000] PM: Registered nosave memory: [mem 0x0009f000-0x0009ffff]
[    0.000000] PM: Registered nosave memory: [mem 0x000a0000-0x000effff]
[    0.000000] PM: Registered nosave memory: [mem 0x000f0000-0x000fffff]
[    0.000000] e820: [mem 0x20000000-0xfebfffff] available for PCI devices
[    0.000000] Booting paravirtualized kernel on KVM
[    0.000000] clocksource: refined-jiffies: mask: 0xffffffff max_cycles: 0xffffffff, max_idle_ns: 7645519600211568 ns
[    0.000000] random: get_random_bytes called from start_kernel+0x99/0x4fd with crng_init=0
[    0.000000] setup_percpu: NR_CPUS:8192 nr_cpumask_bits:1 nr_cpu_ids:1 nr_node_ids:1
[    0.000000] percpu: Embedded 45 pages/cpu s147456 r8192 d28672 u2097152
[    0.000000] PV qspinlock hash table entries: 256 (order: 0, 4096 bytes)
[    0.000000] Built 1 zonelists, mobility grouping on.  Total pages: 128889
[    0.000000] Policy zone: DMA32
[    0.000000] Kernel command line: BOOT_IMAGE=/boot/vmlinuz-4.15.0-74-generic root=LABEL=cloudimg-rootfs ro console=tty1 console=ttyS0
[    0.000000] Memory: 467164K/523832K available (12300K kernel code, 2481K rwdata, 4260K rodata, 2428K init, 2704K bss, 56668K reserved, 0K cma-reserved)
[    0.000000] SLUB: HWalign=64, Order=0-3, MinObjects=0, CPUs=1, Nodes=1
[    0.000000] Kernel/User page tables isolation: enabled
[    0.000000] ftrace: allocating 39322 entries in 154 pages
[    0.004000] Hierarchical RCU implementation.
[    0.004000] 	RCU restricting CPUs from NR_CPUS=8192 to nr_cpu_ids=1.
[    0.004000] 	Tasks RCU enabled.
[    0.004000] RCU: Adjusting geometry for rcu_fanout_leaf=16, nr_cpu_ids=1
[    0.004000] NR_IRQS: 524544, nr_irqs: 256, preallocated irqs: 16
[    0.004000] Console: colour VGA+ 80x25
[    0.004000] console [tty1] enabled
[    0.004000] console [ttyS0] enabled
[    0.004000] ACPI: Core revision 20170831
[    0.004000] ACPI: 2 ACPI AML tables successfully acquired and loaded
[    0.004000] APIC: Switch to symmetric I/O mode setup
[    0.004000] x2apic enabled
[    0.004000] Switched APIC routing to physical x2apic.
[    0.004000] ..TIMER: vector=0x30 apic1=0 pin1=2 apic2=-1 pin2=-1
[    0.004007] tsc: Detected 1992.015 MHz processor
[    0.008016] Calibrating delay loop (skipped) preset value.. 3984.03 BogoMIPS (lpj=7968060)
[    0.009829] pid_max: default: 32768 minimum: 301
[    0.010915] Security Framework initialized
[    0.012003] Yama: becoming mindful.
[    0.012842] AppArmor: AppArmor initialized
[    0.013877] Dentry cache hash table entries: 65536 (order: 7, 524288 bytes)
[    0.015460] Inode-cache hash table entries: 32768 (order: 6, 262144 bytes)
[    0.016019] Mount-cache hash table entries: 1024 (order: 1, 8192 bytes)
[    0.020005] Mountpoint-cache hash table entries: 1024 (order: 1, 8192 bytes)
[    0.021838] process: using mwait in idle threads
[    0.022890] Last level iTLB entries: 4KB 64, 2MB 8, 4MB 8
[    0.024003] Last level dTLB entries: 4KB 64, 2MB 0, 4MB 0, 1GB 4
[    0.025298] Spectre V1 : Mitigation: usercopy/swapgs barriers and __user pointer sanitization
[    0.028004] Spectre V2 : Mitigation: Full generic retpoline
[    0.029214] Spectre V2 : Spectre v2 / SpectreRSB mitigation: Filling RSB on context switch
[    0.030999] Speculative Store Bypass: Vulnerable
[    0.032000] MDS: Mitigation: Clear CPU buffers
[    0.054607] Freeing SMP alternatives memory: 36K
[    0.169789] smpboot: CPU0: Intel(R) Core(TM) i3-6006U CPU @ 2.00GHz (family: 0x6, model: 0x4e, stepping: 0x3)
[    0.172103] Performance Events: unsupported p6 CPU model 78 no PMU driver, software events only.
[    0.174505] Hierarchical SRCU implementation.
[    0.176819] NMI watchdog: Perf event create on CPU 0 failed with -2
[    0.178491] NMI watchdog: Perf NMI watchdog permanently disabled
[    0.180049] smp: Bringing up secondary CPUs ...
[    0.181299] smp: Brought up 1 node, 1 CPU
[    0.182419] smpboot: Max logical packages: 1
[    0.184004] smpboot: Total of 1 processors activated (3984.03 BogoMIPS)
[    0.185917] devtmpfs: initialized
[    0.186957] x86/mm: Memory block size: 128MB
[    0.188155] evm: security.selinux
[    0.189112] evm: security.SMACK64
[    0.190109] evm: security.SMACK64EXEC
[    0.191141] evm: security.SMACK64TRANSMUTE
[    0.192005] evm: security.SMACK64MMAP
[    0.193040] evm: security.apparmor
[    0.194034] evm: security.ima
[    0.194898] evm: security.capability
[    0.196137] clocksource: jiffies: mask: 0xffffffff max_cycles: 0xffffffff, max_idle_ns: 7645041785100000 ns
[    0.198735] futex hash table entries: 256 (order: 2, 16384 bytes)
[    0.200058] pinctrl core: initialized pinctrl subsystem
[    0.204152] RTC time: 15:03:28, date: 03/20/20
[    0.205543] NET: Registered protocol family 16
[    0.208097] audit: initializing netlink subsys (disabled)
[    0.209767] cpuidle: using governor ladder
[    0.210921] cpuidle: using governor menu
[    0.212052] ACPI: bus type PCI registered
[    0.213176] acpiphp: ACPI Hot Plug PCI Controller Driver version: 0.5
[    0.216032] PCI: Using configuration type 1 for base access
[    0.217559] audit: type=2000 audit(1584716613.057:1): state=initialized audit_enabled=0 res=1
[    0.220762] HugeTLB registered 2.00 MiB page size, pre-allocated 0 pages
[    0.224222] ACPI: Added _OSI(Module Device)
[    0.225423] ACPI: Added _OSI(Processor Device)
[    0.228008] ACPI: Added _OSI(3.0 _SCP Extensions)
[    0.229293] ACPI: Added _OSI(Processor Aggregator Device)
[    0.230812] ACPI: Added _OSI(Linux-Dell-Video)
[    0.232003] ACPI: Added _OSI(Linux-Lenovo-NV-HDMI-Audio)
[    0.236010] ACPI: Added _OSI(Linux-HPI-Hybrid-Graphics)
[    0.238025] ACPI: Executed 1 blocks of module-level executable AML code
[    0.248000] ACPI: Interpreter enabled
[    0.248024] ACPI: (supports S0 S5)
[    0.249045] ACPI: Using IOAPIC for interrupt routing
[    0.250753] PCI: Using host bridge windows from ACPI; if necessary, use "pci=nocrs" and report a bug
[    0.252254] ACPI: Enabled 2 GPEs in block 00 to 07
[    0.263584] ACPI: PCI Root Bridge [PCI0] (domain 0000 [bus 00-ff])
[    0.264018] acpi PNP0A03:00: _OSC: OS supports [ASPM ClockPM Segments MSI]
[    0.268058] acpi PNP0A03:00: _OSC: not requesting OS control; OS requires [ExtendedConfig ASPM ClockPM MSI]
[    0.272030] acpi PNP0A03:00: fail to add MMCONFIG information, can't access extended PCI configuration space under this bridge.
[    0.276443] PCI host bridge to bus 0000:00
[    0.277509] pci_bus 0000:00: root bus resource [io  0x0000-0x0cf7 window]
[    0.279095] pci_bus 0000:00: root bus resource [io  0x0d00-0xffff window]
[    0.280009] pci_bus 0000:00: root bus resource [mem 0x000a0000-0x000bffff window]
[    0.281814] pci_bus 0000:00: root bus resource [mem 0x20000000-0xfdffffff window]
[    0.283705] pci_bus 0000:00: root bus resource [bus 00-ff]
[    0.288154] pci 0000:00:01.1: legacy IDE quirk: reg 0x10: [io  0x01f0-0x01f7]
[    0.289720] pci 0000:00:01.1: legacy IDE quirk: reg 0x14: [io  0x03f6]
[    0.291303] pci 0000:00:01.1: legacy IDE quirk: reg 0x18: [io  0x0170-0x0177]
[    0.292007] pci 0000:00:01.1: legacy IDE quirk: reg 0x1c: [io  0x0376]
[    0.315682] pci 0000:00:07.0: quirk: [io  0x4000-0x403f] claimed by PIIX4 ACPI
[    0.316032] pci 0000:00:07.0: quirk: [io  0x4100-0x410f] claimed by PIIX4 SMB
[    0.336105] ACPI: PCI Interrupt Link [LNKA] (IRQs 5 9 10 *11)
[    0.340462] ACPI: PCI Interrupt Link [LNKB] (IRQs 5 9 *10 11)
[    0.341954] ACPI: PCI Interrupt Link [LNKC] (IRQs 5 *9 10 11)
[    0.343406] ACPI: PCI Interrupt Link [LNKD] (IRQs 5 9 10 *11)
[    0.344538] SCSI subsystem initialized
[    0.348184] pci 0000:00:02.0: vgaarb: setting as boot VGA device
[    0.349542] pci 0000:00:02.0: vgaarb: VGA device added: decodes=io+mem,owns=io+mem,locks=none
[    0.352008] pci 0000:00:02.0: vgaarb: bridge control possible
[    0.356008] vgaarb: loaded
[    0.356907] ACPI: bus type USB registered
[    0.360037] usbcore: registered new interface driver usbfs
[    0.361556] usbcore: registered new interface driver hub
[    0.363079] usbcore: registered new device driver usb
[    0.364111] EDAC MC: Ver: 3.0.0
[    0.365516] PCI: Using ACPI for IRQ routing
[    0.368511] NetLabel: Initializing
[    0.372004] NetLabel:  domain hash size = 128
[    0.373227] NetLabel:  protocols = UNLABELED CIPSOv4 CALIPSO
[    0.374864] NetLabel:  unlabeled traffic allowed by default
[    0.376183] clocksource: Switched to clocksource kvm-clock
[    0.413135] VFS: Disk quotas dquot_6.6.0
[    0.417669] VFS: Dquot-cache hash table entries: 512 (order 0, 4096 bytes)
[    0.419763] AppArmor: AppArmor Filesystem Enabled
[    0.421191] pnp: PnP ACPI init
[    0.423526] pnp: PnP ACPI: found 3 devices
[    0.431780] clocksource: acpi_pm: mask: 0xffffff max_cycles: 0xffffff, max_idle_ns: 2085701024 ns
[    0.434288] NET: Registered protocol family 2
[    0.435679] TCP established hash table entries: 4096 (order: 3, 32768 bytes)
[    0.437583] TCP bind hash table entries: 4096 (order: 4, 65536 bytes)
[    0.439312] TCP: Hash tables configured (established 4096 bind 4096)
[    0.441057] UDP hash table entries: 256 (order: 1, 8192 bytes)
[    0.442671] UDP-Lite hash table entries: 256 (order: 1, 8192 bytes)
[    0.444437] NET: Registered protocol family 1
[    0.445812] pci 0000:00:00.0: Limiting direct PCI/PCI transfers
[    0.458064] pci 0000:00:01.0: Activating ISA DMA hang workarounds
[    0.459766] pci 0000:00:02.0: Video device with shadowed ROM at [mem 0x000c0000-0x000dffff]
[    0.462209] Unpacking initramfs...
[    0.907270] Freeing initrd memory: 19200K
[    0.927680] clocksource: tsc: mask: 0xffffffffffffffff max_cycles: 0x396d6e9480d, max_idle_ns: 881590772980 ns
[    0.930219] platform rtc_cmos: registered platform RTC device (no PNP device found)
[    0.932122] Scanning for low memory corruption every 60 seconds
[    0.934329] Initialise system trusted keyrings
[    0.935519] Key type blacklist registered
[    0.936634] workingset: timestamp_bits=36 max_order=17 bucket_order=0
[    0.940356] zbud: loaded
[    0.957999] squashfs: version 4.0 (2009/01/31) Phillip Lougher
[    0.977603] fuse init (API version 7.26)
[    0.979920] Key type asymmetric registered
[    0.980917] Asymmetric key parser 'x509' registered
[    0.982042] Block layer SCSI generic (bsg) driver version 0.4 loaded (major 246)
[    0.983772] io scheduler noop registered
[    0.984693] io scheduler deadline registered
[    0.985780] io scheduler cfq registered (default)
[    0.987411] ACPI: AC Adapter [AC] (on-line)
[    0.988532] input: Power Button as /devices/LNXSYSTM:00/LNXPWRBN:00/input/input0
[    0.990465] ACPI: Power Button [PWRF]
[    0.991403] input: Sleep Button as /devices/LNXSYSTM:00/LNXSLPBN:00/input/input1
[    0.993149] ACPI: Sleep Button [SLPF]
[    0.995272] ACPI: Battery Slot [BAT0] (battery present)
[    0.996700] Serial: 8250/16550 driver, 32 ports, IRQ sharing enabled
[    1.022765] 00:02: ttyS0 at I/O 0x3f8 (irq = 4, base_baud = 115200) is a 16550A
[    1.050896] Linux agpgart interface v0.103
[    1.053203] loop: module loaded
[    1.054644] scsi host0: ata_piix
[    1.055577] scsi host1: ata_piix
[    1.056407] ata1: PATA max UDMA/33 cmd 0x1f0 ctl 0x3f6 bmdma 0xd000 irq 14
[    1.057972] ata2: PATA max UDMA/33 cmd 0x170 ctl 0x376 bmdma 0xd008 irq 15
[    1.060207] libphy: Fixed MDIO Bus: probed
[    1.061148] tun: Universal TUN/TAP device driver, 1.6
[    1.062387] PPP generic driver version 2.4.2
[    1.063404] ehci_hcd: USB 2.0 'Enhanced' Host Controller (EHCI) Driver
[    1.064845] ehci-pci: EHCI PCI platform driver
[    1.065863] ehci-platform: EHCI generic platform driver
[    1.067051] ohci_hcd: USB 1.1 'Open' Host Controller (OHCI) Driver
[    1.068404] ohci-pci: OHCI PCI platform driver
[    1.069422] ohci-platform: OHCI generic platform driver
[    1.070590] uhci_hcd: USB Universal Host Controller Interface driver
[    1.072014] i8042: PNP: PS/2 Controller [PNP0303:PS2K,PNP0f03:PS2M] at 0x60,0x64 irq 1,12
[    1.074359] serio: i8042 KBD port at 0x60,0x64 irq 1
[    1.075565] serio: i8042 AUX port at 0x60,0x64 irq 12
[    1.076821] mousedev: PS/2 mouse device common for all mice
[    1.078448] input: AT Translated Set 2 keyboard as /devices/platform/i8042/serio0/input/input2
[    1.080952] rtc_cmos rtc_cmos: rtc core: registered rtc_cmos as rtc0
[    1.097793] rtc_cmos rtc_cmos: alarms up to one day, 114 bytes nvram
[    1.099336] i2c /dev entries driver
[    1.100311] device-mapper: uevent: version 1.0.3
[    1.101555] device-mapper: ioctl: 4.37.0-ioctl (2017-09-20) initialised: dm-devel@redhat.com
[    1.103487] ledtrig-cpu: registered to indicate activity on CPUs
[    1.105044] intel_pmc_core:  initialized
[    1.106494] NET: Registered protocol family 10
[    1.111522] Segment Routing with IPv6
[    1.112475] NET: Registered protocol family 17
[    1.113524] Key type dns_resolver registered
[    1.114631] mce: Using 0 MCE banks
[    1.115445] RAS: Correctable Errors collector initialized.
[    1.116801] sched_clock: Marking stable (1116724582, 0)->(2157977366, -1041252784)
[    1.118648] registered taskstats version 1
[    1.119593] Loading compiled-in X.509 certificates
[    1.123333] Loaded X.509 cert 'Build time autogenerated kernel key: 62d24f9c726e026b112735485dad6e6e4b50c923'
[    1.125539] zswap: loaded using pool lzo/zbud
[    1.130159] Key type big_key registered
[    1.131073] Key type trusted registered
[    1.133811] Key type encrypted registered
[    1.134882] AppArmor: AppArmor sha1 policy hashing enabled
[    1.136085] ima: No TPM chip found, activating TPM-bypass! (rc=-19)
[    1.137577] ima: Allocated hash algorithm: sha1
[    1.138656] evm: HMAC attrs: 0x1
[    1.139851]   Magic number: 12:587:83
[    1.140832] rtc_cmos rtc_cmos: setting system clock to 2020-03-20 15:03:29 UTC (1584716609)
[    1.142832] BIOS EDD facility v0.16 2004-Jun-25, 0 devices found
[    1.146954] EDD information not available.
[    1.224457] Freeing unused kernel image memory: 2428K
[    1.404205] Write protecting the kernel read-only data: 20480k
[    1.407753] Freeing unused kernel image memory: 2008K
[    1.410269] Freeing unused kernel image memory: 1884K
[    1.422365] x86/mm: Checked W+X mappings: passed, no W+X pages found.
[    1.448120] x86/mm: Checking user space page tables
[    1.459567] x86/mm: Checked W+X mappings: passed, no W+X pages found.
Loading, please wait...
starting version 237
[    1.632496] e1000: Intel(R) PRO/1000 Network Driver - version 7.3.21-k8-NAPI
[    1.634389] e1000: Copyright (c) 1999-2006 Intel Corporation.
[    1.650398] Fusion MPT base driver 3.04.20
[    1.651593] Copyright (c) 1999-2008 LSI Corporation
[    1.691036] Fusion MPT SPI Host driver 3.04.20
[    1.753595] AVX2 version of gcm_enc/dec engaged.
[    1.778528] AES CTR mode by8 optimization enabled
[    1.886639] input: ImExPS/2 Generic Explorer Mouse as /devices/platform/i8042/serio1/input/input4
[    2.281378] e1000 0000:00:03.0 eth0: (PCI:33MHz:32-bit) 02:3e:3e:1e:2f:8f
[    2.517744] e1000 0000:00:03.0 eth0: Intel(R) PRO/1000 Network Connection
[    2.520366] mptbase: ioc0: Initiating bringup
[    2.616692] ioc0: LSI53C1030 A0: Capabilities={Initiator}
[    2.927145] scsi host2: ioc0: LSI53C1030 A0, FwRev=00000000h, Ports=1, MaxQ=256, IRQ=20
[    3.096403] scsi 2:0:0:0: Direct-Access     VBOX     HARDDISK         1.0  PQ: 0 ANSI: 5
[    3.104354] scsi target2:0:0: Beginning Domain Validation
[    3.138085] random: fast init done
[    3.139363] scsi target2:0:0: Domain Validation skipping write tests
[    3.157166] scsi target2:0:0: Ending Domain Validation
[    3.216771] scsi target2:0:0: asynchronous
[    3.241343] scsi 2:0:1:0: Direct-Access     VBOX     HARDDISK         1.0  PQ: 0 ANSI: 5
[    3.255503] scsi target2:0:1: Beginning Domain Validation
[    3.349736] scsi target2:0:1: Domain Validation skipping write tests
[    3.357776] scsi target2:0:1: Ending Domain Validation
[    3.368800] scsi target2:0:1: asynchronous
[    3.499439] sd 2:0:0:0: Attached scsi generic sg0 type 0
[    3.537740] sd 2:0:0:0: [sda] 20971520 512-byte logical blocks: (10.7 GB/10.0 GiB)
[    3.539482] sd 2:0:0:0: [sda] Write Protect is off
[    3.540638] random: systemd-udevd: uninitialized urandom read (16 bytes read)
[    3.542185] random: systemd-udevd: uninitialized urandom read (16 bytes read)
[    3.543718] random: systemd-udevd: uninitialized urandom read (16 bytes read)
[    3.545744] sd 2:0:0:0: [sda] Incomplete mode parameter data
[    3.569918] sd 2:0:0:0: [sda] Assuming drive cache: write through
[    3.606303] sd 2:0:1:0: [sdb] 20480 512-byte logical blocks: (10.5 MB/10.0 MiB)
[    3.608397]  sda: sda1
[    3.609368] sd 2:0:1:0: [sdb] Write Protect is off
[    3.610886] sd 2:0:1:0: Attached scsi generic sg1 type 0
[    3.612651] sd 2:0:0:0: [sda] Attached SCSI disk
[    3.618952] sd 2:0:1:0: [sdb] Incomplete mode parameter data
[    3.620524] sd 2:0:1:0: [sdb] Assuming drive cache: write through
[    3.705755] e1000 0000:00:08.0 eth1: (PCI:33MHz:32-bit) 08:00:27:ab:35:51
[    3.771594] e1000 0000:00:08.0 eth1: Intel(R) PRO/1000 Network Connection
[    3.773631] sd 2:0:1:0: [sdb] Attached SCSI disk
[    4.188543] e1000 0000:00:09.0 eth2: (PCI:33MHz:32-bit) 08:00:27:03:e4:ea
[    4.247098] e1000 0000:00:09.0 eth2: Intel(R) PRO/1000 Network Connection
[    4.646737] e1000 0000:00:0a.0 eth3: (PCI:33MHz:32-bit) 08:00:27:fd:d7:12
[    4.667883] e1000 0000:00:0a.0 eth3: Intel(R) PRO/1000 Network Connection
[    4.670923] e1000 0000:00:08.0 enp0s8: renamed from eth1
[    4.689109] e1000 0000:00:03.0 enp0s3: renamed from eth0
[    5.858489] e1000 0000:00:09.0 enp0s9: renamed from eth2
[    5.867012] e1000 0000:00:0a.0 enp0s10: renamed from eth3
Begin: Loading e[    7.456310] raid6: sse2x1   gen()  7910 MB/s
ssential drivers ... [    7.526288] raid6: sse2x1   xor()  5002 MB/s
[    7.626280] raid6: sse2x2   gen()  9703 MB/s
[    7.726298] raid6: sse2x2   xor()  5315 MB/s
[    7.786329] raid6: sse2x4   gen()  9748 MB/s
[    7.883929] raid6: sse2x4   xor()  6784 MB/s
[    7.936295] raid6: avx2x1   gen() 15025 MB/s
[    7.996299] raid6: avx2x1   xor() 10721 MB/s
[    8.056296] raid6: avx2x2   gen() 18354 MB/s
[    8.106354] raid6: avx2x2   xor() 10794 MB/s
[    8.207494] raid6: avx2x4   gen() 14997 MB/s
[    8.260047] raid6: avx2x4   xor()  6889 MB/s
[    8.263104] raid6: using algorithm avx2x2 gen() 18354 MB/s
[    8.266892] raid6: .... xor() 10794 MB/s, rmw enabled
[    8.270338] raid6: using avx2x2 recovery algorithm
[    8.277420] xor: automatically using best checksumming function   avx       
[    8.285614] async_tx: api initialized (async)
done.
Begin: Running /scripts/init-premount ... done.
Begin: Mounting root file system ... Begin: Running /scripts/local-top ... done.
Begin: Running /scripts/local-premount ... [    8.371989] Btrfs loaded, crc32c=crc32c-intel
Scanning for Btrfs filesystems
done.
Warning: fsck not present, so skipping root file system
[    8.414182] EXT4-fs (sda1): mounted filesystem with ordered data mode. Opts: (null)
done.
Begin: Running /scripts/local-bottom ... done.
Begin: Running /scripts/init-bottom ... done.
[    8.641904] ip_tables: (C) 2000-2006 Netfilter Core Team
[    8.677699] systemd[1]: systemd 237 running in system mode. (+PAM +AUDIT +SELINUX +IMA +APPARMOR +SMACK +SYSVINIT +UTMP +LIBCRYPTSETUP +GCRYPT +GNUTLS +ACL +XZ +LZ4 +SECCOMP +BLKID +ELFUTILS +KMOD -IDN2 +IDN -PCRE2 default-hierarchy=hybrid)
[    8.683423] systemd[1]: Detected virtualization oracle.
[    8.684884] systemd[1]: Detected architecture x86-64.

Welcome to [1mUbuntu 18.04.3 LTS[0m!

[    8.690811] systemd[1]: Set hostname to <ubuntu>.
[    8.697121] systemd[1]: Initializing machine ID from random generator.
[    8.698993] systemd[1]: Installed transient /etc/machine-id file.
[    9.183184] systemd[1]: Reached target Swap.
[[0;32m  OK  [0m] Reached target Swap.
[    9.296303] systemd[1]: Started Forward Password Requests to Wall Directory Watch.
[[0;32m  OK  [0m] Started Forward Password Requests to Wall Directory Watch.
[    9.431115] systemd[1]: Set up automount Arbitrary Executable File Formats File System Automount Point.
[[0;32m  OK  [0m] Set up automount Arbitrary Executab…rmats File System Automount Point.
[    9.437310] systemd[1]: Created slice User and Session Slice.
[[0;32m  OK  [0m] Created slice User and Session Slice.
[[0;32m  OK  [0m] Reached target System Time Synchronized.
[[0;32m  OK  [0m] Reached target User and Group Name Lookups.
[[0;32m  OK  [0m] Created slice System Slice.
[[0;32m  OK  [0m] Listening on /dev/initctl Compatibility Named Pipe.
[[0;32m  OK  [0m] Listening on udev Control Socket.
[[0;32m  OK  [0m] Listening on Journal Socket (/dev/log).
[[0;32m  OK  [0m] Listening on udev Kernel Socket.
[[0;32m  OK  [0m] Listening on Journal Audit Socket.
[[0;32m  OK  [0m] Listening on LVM2 poll daemon socket.
[[0;32m  OK  [0m] Listening on Device-mapper event daemon FIFOs.
[[0;32m  OK  [0m] Listening on LVM2 metadata daemon socket.
[[0;32m  OK  [0m] Listening on Network Service Netlink Socket.
[[0;32m  OK  [0m] Listening on Journal Socket.
         Mounting POSIX Message Queue File System...
         Starting Create list of required st…ce nodes for the current kernel...
         Mounting Huge Pages File System...
         Starting Uncomplicated firewall...
         Starting udev Coldplug all Devices...
         Starting Remount Root and Kernel File Systems...
         Mounting Kernel Debug File System...
[    9.570527] EXT4-fs (sda1): re-mounted. Opts: (null)
         Starting Set the console keyboard layout...
[[0;32m  OK  [0m] Reached target Slices.
         Starting Monitoring of LVM2 mirrors…ng dmeventd or progress polling...
[[0;32m  OK  [0m] Created slice system-serial\x2dgetty.slice.
[[0;32m  OK  [0m] Listening on Syslog Socket.
         [    9.706990] random: crng init done
Starting Journal Service...
[    9.807367] random: 7 urandom warning(s) missed due to ratelimiting
         Starting Load Ke[    9.862651] Loading iSCSI transport class v2.0-870.
rnel Modules...
[[0;32m  OK  [0m] Mounted POSIX Message Queue File System.
[[0;32m  OK  [0m] Started Create list of required sta…vice nodes for the current kernel.
[[0;32m  OK  [0[    9.963915] iscsi: registered transport (tcp)
m] Started Journal Service.
[[0;32m  OK  [0m] Mounted Huge Pages File System.
[[0;32m  OK  [0m] Started Uncomplicated firewall.
[[0;32m  OK  [0m] Started Remount Root and Kernel File Systems.
[[0;32m  OK  [0m] Mounted Kernel Debug File System.
[[0;32m  OK  [0m] Started Set the console keyboard layout.
[[0;32m  OK  [0m] Started LVM2 metadata daemon.
         Starting Load/Save Random Seed...
         Starting Flush Journal to Persistent Storage...
         Starting Create Static Device Nodes in /dev...
[[0;32m  OK  [0m] Started Monitoring of LVM2 mirrors,…sing dmeventd or progress polling.
[   10.189309] iscsi: registered transport (iser)
[[0;32m  OK  [0m] Started udev Coldplug all Devices.
[[0;32m  OK  [0m] Started Load Kernel Modules.
[[0;32m  OK  [0m] Started Load/Save Random Seed.
[[0;32m  OK  [0m] Started Create Static Device Nodes in /dev.
[   10.415662] systemd-journald[390]: Received request to flush runtime journal from PID 1
         Starting udev Kernel Device Manager...
         Mounting Kernel Configuration File System...
         Starting Apply Kernel Variables...
         Mounting FUSE Control File System...
[[0;32m  OK  [0m] Reached target Local File Systems (Pre).
[[0;32m  OK  [0m] Reached target Local File Systems.
         Starting Tell Plymouth To Write Out Runtime Data...
         Starting ebtables ruleset management...
         Starting Commit a transient machine-id on disk...
         Starting Set console font and keymap...
         Starting AppArmor initialization...
[[0;32m  OK  [0m] Started udev Kernel Device Manager.
[[0;32m  OK  [0m] Mounted Kernel Configuration File System.
[[0;32m  OK  [0m] Mounted FUSE Control File System.
[[0;32m  OK  [0m] Started Tell Plymouth To Write Out Runtime Data.
[[0;32m  OK  [0m] Started Dispatch Password Requests to Console Directory Watch.
[[0;32m  OK  [0m] Reached target Local Encrypted Volumes.
[[0;32m  OK  [0m] Started Flush Journal to Persistent Storage.
[[0;32m  OK  [0m] Started Apply Kernel Variables.
[[0;32m  OK  [0m] Started Commit a transient machine-id on disk.
[[0;32m  OK  [0m] Started Set console font and keymap.
         Starting Create Volatile Files and Directories...
[[0;32m  OK  [0m] Started ebtables ruleset management.
[[0;32m  OK  [0m] Started Create Volatile Files and Directories.
         Starting Update UTMP about System Boot/Shutdown...
[[0;32m  OK  [0m] Started Update UTMP about System Boot/Shutdown.
[[0;32m  OK  [0m] Found device /dev/ttyS0.
[[0;32m  OK  [0m] Listening on Load/Save RF Kill Switch Status /dev/rfkill Watch.
[[0;32m  OK  [0m] Started AppArmor initialization.
         Starting Initial cloud-init job (pre-networking)...
[   16.197567] cloud-init[544]: Cloud-init v. 19.3-41-gc4735dd3-0ubuntu1~18.04.1 running 'init-local' at Fri, 20 Mar 2020 15:03:42 +0000. Up 14.47 seconds.
[[0;32m  OK  [0m] Started Initial cloud-init job (pre-networking).
[[0;32m  OK  [0m] Reached target Network (Pre).
         Starting Network Service...
[[0;32m  OK  [0m] Started Network Service.
         Starting Wait for Network to be Configured...
         Starting Network Name Resolution...
[[0;32m  OK  [0m] Started Network Name Resolution.
[[0;32m  OK  [0m] Reached target Network.
[[0;32m  OK  [0m] Reached target Host and Network Name Lookups.
[[0;32m  OK  [0m] Started Wait for Network to be Configured.
         Starting Initial cloud-init job (metadata service crawler)...
[   19.477504] cloud-init[651]: Cloud-init v. 19.3-41-gc4735dd3-0ubuntu1~18.04.1 running 'init' at Fri, 20 Mar 2020 15:03:47 +0000. Up 19.19 seconds.
[   19.496324] cloud-init[651]: ci-info: +++++++++++++++++++++++++++++++++++++++Net device info+++++++++++++++++++++++++++++++++++++++
[   19.516746] cloud-init[651]: ci-info: +---------+-------+----------------------------+---------------+--------+-------------------+
[   19.519876] cloud-init[651]: ci-info: |  Device |   Up  |          Address           |      Mask     | Scope  |     Hw-Address    |
[   19.560626] cloud-init[651]: ci-info: +---------+-------+----------------------------+---------------+--------+-------------------+
[   19.582241] cloud-init[651]: ci-info: | enp0s10 | False |             .              |       .       |   .    | 08:00:27:fd:d7:12 |
[   19.616885] cloud-init[651]: ci-info: |  enp0s3 |  True |         10.0.2.15          | 255.255.255.0 | global | 02:3e:3e:1e:2f:8f |
[   19.621401] cloud-init[651]: ci-info: |  enp0s3 |  True | fe80::3e:3eff:fe1e:2f8f/64 |       .       |  link  | 02:3e:3e:1e:2f:8f |
[   19.627876] cloud-init[651]: ci-info: |  enp0s8 | False |             .              |       .       |   .    | 08:00:27:ab:35:51 |
[   19.630482] cloud-init[651]: ci-info: |  enp0s9 | False |             .              |       .       |   .    | 08:00:27:03:e4:ea |
[   19.646246] cloud-init[651]: ci-info: |    lo   |  True |         127.0.0.1          |   255.0.0.0   |  host  |         .         |
[   19.648873] cloud-init[651]: ci-info: |    lo   |  True |          ::1/128           |       .       |  host  |         .         |
[   19.654594] cloud-init[651]: ci-info: +---------+-------+----------------------------+---------------+--------+-------------------+
[   19.727934] cloud-init[651]: ci-info: ++++++++++++++++++++++++++++Route IPv4 info+++++++++++++++++++++++++++++
[   19.730366] cloud-init[651]: ci-info: +-------+-------------+----------+-----------------+-----------+-------+
[   19.746352] cloud-init[651]: ci-info: | Route | Destination | Gateway  |     Genmask     | Interface | Flags |
[   19.759785] cloud-init[651]: ci-info: +-------+-------------+----------+-----------------+-----------+-------+
[   19.766558] cloud-init[651]: ci-info: |   0   |   0.0.0.0   | 10.0.2.2 |     0.0.0.0     |   enp0s3  |   UG  |
[   19.796017] cloud-init[651]: ci-info: |   1   |   10.0.2.0  | 0.0.0.0  |  255.255.255.0  |   enp0s3  |   U   |
[   19.799201] cloud-init[651]: ci-info: |   2   |   10.0.2.2  | 0.0.0.0  | 255.255.255.255 |   enp0s3  |   UH  |
[   19.802812] cloud-init[651]: ci-info: +-------+-------------+----------+-----------------+-----------+-------+
[   19.807717] cloud-init[651]: ci-info: +++++++++++++++++++Route IPv6 info+++++++++++++++++++
[   19.810517] cloud-init[651]: ci-info: +-------+-------------+---------+-----------+-------+
[   19.814568] cloud-init[651]: ci-info: | Route | Destination | Gateway | Interface | Flags |
[   19.819071] cloud-init[651]: ci-info: +-------+-------------+---------+-----------+-------+
[   19.822269] cloud-init[651]: ci-info: |   1   |  fe80::/64  |    ::   |   enp0s3  |   U   |
[   19.825484] cloud-init[651]: ci-info: |   3   |    local    |    ::   |   enp0s3  |   U   |
[   19.837094] cloud-init[651]: ci-info: |   4   |   ff00::/8  |    ::   |   enp0s3  |   U   |
[   19.849354] cloud-init[651]: ci-info: +-------+-------------+---------+-----------+-------+
[   20.530820] cloud-init[651]: Generating public/private rsa key pair.
[   20.587135] cloud-init[651]: Your identification has been saved in /etc/ssh/ssh_host_rsa_key.
[[0;32m  OK  [0m] Started Initial cloud-init job (metadata service crawler).
[   20.626409] [[0;32m  OK  [0m] Reached target Cloud-config availability.
[[0;32m  OK  [0m] Reached target System Initialization.
[[0;32m  OK  [0m] Started Daily Cleanup of Temporary Directories.
[[0;32m  OK  [0m] Started Discard unused blocks once a week.
[[0;32m  OK  [0m] Started Message of the Day.
[[0;32m  OK  [0m] Listening on Open-iSCSI iscsid Socket.
cloud-init[651]: Your public key has been saved in /etc/ssh/ssh_host_rsa_key.pub.
[   20.670508] cloud-init[651]: The key fingerprint is:
[[0;32m  OK  [0m] Listening on D-Bus System Message Bus Socket.
[[0;32m  OK  [0m] Listening on UUID daemon activation socket.
[   20.676317] cloud-init[651]: SHA256:Uq/2BuHZ/hj5CLQ2GgnbheSgFDQrkpipfKiVNW3qGiw root@ubuntu-bionic
[   20.677894] cloud-init[651]: The key's randomart image is:
[   20.677959] cloud-init[651]: +---[RSA 2048]----+
[   20.678015] cloud-init[651]: | .+              |
[   20.678074] cloud-init[651]: |.+ + .           |
[   20.678128] cloud-init[651]: |B o + + .        |
[   20.678182] cloud-init[651]: |+o.+ B o..       |
[   20.678241] cloud-init[651]: |.o+.o +.S+.      |
[   20.678290] cloud-init[651]: |.o.. + =+o..     |
[   20.678343] cloud-init[651]: |E o o + Boo      |
[   20.678393] cloud-init[651]: | . o   = +o=     |
[   20.678442] cloud-init[651]: |  .   .  .+.o    |
[   20.678490] cloud-init[651]: +----[SHA256]-----+
[   20.678544] cloud-init[651]: Generating public/private dsa key pair.
[   20.678594] cloud-init[651]: Your identification has been saved in /etc/ssh/ssh_host_dsa_key.
[   20.678647] cloud-init[651]: Your public key has been saved in /etc/ssh/ssh_host_dsa_key.pub.
[   20.678696] cloud-init[651]: The key fingerprint is:
[   20.678746] cloud-init[651]: SHA256:FaupwTq+iDyGuhFPI+H0A2iZo4tMjXagofzChT0mhfI root@ubuntu-bionic
[   20.678800] cloud-init[651]: The key's randomart image is:
[   20.678849] cloud-init[651]: +---[DSA 1024]----+
[   20.678903] cloud-init[651]: |          .      |
[   20.678957] cloud-init[651]: |. +        o     |
[   20.679007] cloud-init[651]: |=X .      o      |
[   20.679054] cloud-init[651]: |X+@  .   +       |
[   20.679108] cloud-init[651]: |*OEX  o S        |
[   20.679166] cloud-init[651]: |***.o. o         |
[   20.679220] cloud-init[651]: |=+..o .          |
[   20.679270] cloud-init[651]: |o=.o .           |
[   20.679322] cloud-init[651]: |*oo o.           |
[   20.679374] cloud-init[651]: +----[SHA256]-----+
[   20.679429] cloud-init[651]: Generating public/private ecdsa key pair.
[   20.679482] cloud-init[651]: Your identification has been saved in /etc/ssh/ssh_host_ecdsa_key.
[   20.679535] cloud-init[651]: Your public key has been saved in /etc/ssh/ssh_host_ecdsa_key.pub.
[   20.679589] cloud-init[651]: The key fingerprint is:
[   20.679639] cloud-init[651]: SHA256:Z3MU+o34azz0eOZYB+D7oqSqS0gTtL0exVImnxzI6Ro root@ubuntu-bionic
[   20.679692] cloud-init[651]: The key's randomart image is:
[   20.679741] cloud-init[651]: +---[ECDSA 256]---+
[   20.679793] cloud-init[651]: |  ...o+     .    |
[   20.679848] cloud-init[651]: | . o+B o   . .   |
[   20.679897] cloud-init[651]: |  o.o *   . o    |
[   20.679946] cloud-init[651]: |  E..+     = +   |
         Starting Socket activation for snappy daemon.
[   20.682417] cloud-init[651]: |  ooo   S = = o  |
[   20.850023] cloud-init[651]: | ..+ .   o +.. . |
[   20.851811] [[0;32m  OK  [0m] Started Daily apt download activities.
[[0;32m  OK  [0m] Listening on ACPID Listen Socket.cloud-init[651]: |  . o     .ooo. .|
[   20.858179] cloud-init[651]: |   .     o  *=+. |
[   20.859986] 
         Starting LXD - unix socket.
[[0;32m  OK  [0m] Started ACPI Events Check.
[[0;32m  OK  [0m] Reached target Paths.
[[0;32m  OK  [0m] Started Daily apt upgrade and clean activities.
[[0;32m  OK  [0m] Reached target Timers.
[[0;32m  OK  [0m] Reached target Network is Online.
cloud-init[651]: |    oo... .oo*o  |
[   20.910010] cloud-init[651]: +----[SHA256]-----+
[   20.919447] [[0;32m  OK  [0m] Reached target Remote File Systems (Pre).
[[0;32m  OK  [0m] Reached target Remote File Systems.
cloud-init[651]: Generating public/private ed25519 key pair.
         Starting Availability of block devices...
[[0;32m  OK  [0m] Listening on Socket activation for snappy daemon.
[[0;32m  OK  [0m] Listening on LXD - unix socket.
[   20.948102] cloud-init[651]: Your identification has been saved in /etc/ssh/ssh_host_ed25519_key.
[   20.993972] cloud-init[651]: Your public key has been saved in /etc/ssh/ssh_host_ed25519_key.pub.[[0;32m  OK  [0m] Started Availability of block devices.
[[0;32m  OK  [0m] Reached target Sockets.
[[0;32m  OK  [0m] Reached target Basic System.
         Starting Dispatcher daemon for systemd-networkd...
         Starting Login Service...

         [   21.089969] cloud-init[651]: The key fingerprint is:
[   21.091571] Starting LSB: Record successful boot for GRUB...
         Starting System Logging Service...
cloud-init[651]: SHA256:1JpoKgD1PxLvP+0DErX5Myrg6O7FhJfPza/JBBMtL2g root@ubuntu-bionic
[[   21.130682] [0;32m  OK  [0m] Started FUSE filesystem for LXC.cloud-init
[651]: The key's randomart image is:
         Starting Accounts Service...
[   21.137652] cloud-init[651]: +--[ED25519 256]--+         Starting Permit User Sessions...

[[0;32m  OK  [0m] [   21.153476] cloud-init[651]: |  .              |
[   21.154073] cloud-init[651]: | . .   ...       |
[   21.154181] cloud-init[651]: |.   o o.oo.      |
[   21.154240] cloud-init[651]: |.  . *.*oo       |
[   21.154301] cloud-init[651]: |. . E X.S.       |
[   21.154356] cloud-init[651]: | . =.B.B. +      |
[   21.154417] cloud-init[651]: |  .o+.+.++ o     |
[   21.154475] cloud-init[651]: |  .o. .+ooo      |
[   21.155033] cloud-init[651]: | ++    .=+o.     |
[   21.155103] cloud-init[651]: +----[SHA256]-----+
Started Deferred execution scheduler.
         Starting LSB: automatic crash report generation...
[[0;32m  OK  [0m] Started irqbalance daemon.
[[0;32m  OK  [0m] Started Regular background program processing daemon.
         Starting LXD - container startup/shutdown...
[[0;32m  OK  [0m] Started D-Bus System Message Bus.
[[0;32m  OK  [0m] Started Login Service.
[[0;32m  OK  [0m] Started Unattended Upgrades Shutdown.
         Starting Pollinate to seed the pseudo random number generator...
         Starting Virtualbox guest utils...
         Starting Snappy daemon...
[[0;32m  OK  [0m] Started System Logging Service.
[[0;32m  OK  [0m] Started Dispatcher daemon for systemd-networkd.
[[0;32m  OK  [0m] Started Permit User Sessions.
[[0;32m  OK  [0m] Started LXD - container startup/shutdown.
         Starting Authorization Manager...
         Starting Hold until boot process finishes up...
         Starting Terminate Plymouth Boot Screen...
[[0;32m  OK  [0m] Started Hold until boot process finishes up.
[[0;32m  OK  [0m] Started Terminate Plymouth Boot Screen.
         Starting Set console scheme...
[[0;32m  OK  [0m] Started Serial Getty on ttyS0.
[[0;32m  OK  [0m] Started LSB: automatic crash report generation.
[[0;32m  OK  [0m] Started Set console scheme.
[[0;32m  OK  [0m] Created slice system-getty.slice.
[[0;32m  OK  [0m] Started Getty on tty1.
[[0;32m  OK  [0m] Reached target Login Prompts.
[[0;32m  OK  [0m] Started LSB: Record successful boot for GRUB.
[[0;32m  OK  [0m] Started Authorization Manager.
[[0;32m  OK  [0m] Started Accounts Service.
[[0;32m  OK  [0m] Started Virtualbox guest utils.
[[0;32m  OK  [0m] Started Snappy daemon.
         Starting Wait until snapd is fully seeded...
[[0;32m  OK  [0m] Started Pollinate to seed the pseudo random number generator.
         Starting OpenBSD Secure Shell server...
[[0;32m  OK  [0m] Started OpenBSD Secure Shell server.
[[0;32m  OK  [0m] Created slice User Slice of vagrant.
         Starting User Manager for UID 1000...
[[0;32m  OK  [0m] Started Session 1 of user vagrant.
[[0;32m  OK  [0m] Started User Manager for UID 1000.
[[0;32m  OK  [0m] Started Wait until snapd is fully seeded.
         Starting Apply the settings specified in cloud-config...
[[0;32m  OK  [0m] Reached target Multi-User System.
[[0;32m  OK  [0m] Reached target Graphical Interface.
         Starting Update UTMP about System Runlevel Changes...
[[0;32m  OK  [0m] Started Update UTMP about System Runlevel Changes.

Ubuntu 18.04.3 LTS ubuntu-bionic ttyS0

ubuntu-bionic login: [   28.790949] cloud-init[1081]: Cloud-init v. 19.3-41-gc4735dd3-0ubuntu1~18.04.1 running 'modules:config' at Fri, 20 Mar 2020 15:03:54 +0000. Up 26.27 seconds.
ci-info: no authorized ssh keys fingerprints found for user ubuntu.
<14>Mar 20 15:03:58 ec2: 
<14>Mar 20 15:03:58 ec2: #############################################################
<14>Mar 20 15:03:58 ec2: -----BEGIN SSH HOST KEY FINGERPRINTS-----
<14>Mar 20 15:03:59 ec2: 1024 SHA256:FaupwTq+iDyGuhFPI+H0A2iZo4tMjXagofzChT0mhfI root@ubuntu-bionic (DSA)
<14>Mar 20 15:03:59 ec2: 256 SHA256:Z3MU+o34azz0eOZYB+D7oqSqS0gTtL0exVImnxzI6Ro root@ubuntu-bionic (ECDSA)
<14>Mar 20 15:03:59 ec2: 256 SHA256:1JpoKgD1PxLvP+0DErX5Myrg6O7FhJfPza/JBBMtL2g root@ubuntu-bionic (ED25519)
<14>Mar 20 15:03:59 ec2: 2048 SHA256:Uq/2BuHZ/hj5CLQ2GgnbheSgFDQrkpipfKiVNW3qGiw root@ubuntu-bionic (RSA)
<14>Mar 20 15:03:59 ec2: -----END SSH HOST KEY FINGERPRINTS-----
<14>Mar 20 15:03:59 ec2: #############################################################
-----BEGIN SSH HOST KEY KEYS-----
ecdsa-sha2-nistp256 AAAAE2VjZHNhLXNoYTItbmlzdHAyNTYAAAAIbmlzdHAyNTYAAABBBJafLPzzBclEj7vVq5MDn4x8tByRR5fhgr0X/8Y+hMv9KQ1j2W7Ug9D+D3PS033J/GBrikt3390MFZbgbhHRsAw= root@ubuntu-bionic
ssh-ed25519 AAAAC3NzaC1lZDI1NTE5AAAAIBasxw3oTM1IA1X9uh2UhYwreXdaplJvWogWh+q3RWsf root@ubuntu-bionic
ssh-rsa AAAAB3NzaC1yc2EAAAADAQABAAABAQDDp35XdS6a9ldjeWtPednB4+s7fgMe1LrActoN0S3cf/3Eux8zAAxS1jvbiHJqy2YC/WLMO3UEnrMbA54zAzeLBFDcbQUaC65j0vMT0O65HGpDHcKr28++/pDC5ovQSjLunGy3FlwDGFRZF913R7zRRQsJQ3f2gaDZwdRl7E1QWNjgKM04mHUQpcB4QM1laR/IZRY1wWufKrwtqC4SNftOhxWeEwIRTt64A/IHn4G7DDW9UioFDQWWEwxL1E02ojp0pCeUv9LWIbhH5wYODK8rGvnJEqQYo0ALVOvgZVyWQnabtf9BTIFgC7NC4lq6F32NA36yjAp1baA0SjKDFVbJ root@ubuntu-bionic
-----END SSH HOST KEY KEYS-----
[   30.701916] cloud-init[1237]: Cloud-init v. 19.3-41-gc4735dd3-0ubuntu1~18.04.1 running 'modules:final' at Fri, 20 Mar 2020 15:03:58 +0000. Up 30.33 seconds.
[   30.702015] cloud-init[1237]: ci-info: no authorized ssh keys fingerprints found for user ubuntu.
[   30.702089] cloud-init[1237]: Cloud-init v. 19.3-41-gc4735dd3-0ubuntu1~18.04.1 finished at Fri, 20 Mar 2020 15:03:59 +0000. Datasource DataSourceNoCloud [seed=/dev/sdb][dsmode=net].  Up 30.66 seconds
